300 30000.00 48773.2146100000 0.0623628426 -301032 19.06356
301 30100.00 48773.2146100000 0.0623628426 -299429 17.26735
302 30200.00 48773.2146100000 0.0623628426 -297825 15.42533
303 30300.00 48773.2146100000 0.0623628426 -296221 13.54007
304 30400.00 48773.2146100000 0.0623628426 -294618 11.61459
305 30500.00 48773.2146100000 0.0623628426 -293014 9.65244
306 30600.00 48773.2146100000 0.0623628426 -291411 7.65778
307 30700.00 48773.2146100000 0.0623628426 -289807 5.63554
308 30800.00 48773.2146100000 0.0623628426 -288204 3.59153
309 30900.00 48773.2146100000 0.0623628426 -286600 1.53261
310 31000.00 48773.2146100000 0.0623628426 -284997 -0.53311
311 31100.00 48773.2146100000 0.0623628426 -283393 -2.59608
312 31200.00 48773.2146100000 0.0623628426 -281790 -4.64501
313 31300.00 48773.2146100000 0.0623628426 -280186 -6.66663
314 31400.00 48773.2146100000 0.0623628426 -278583 -8.64536
315 31500.00 48773.2146100000 0.0623628426 -276979 -10.56304
316 31600.00 48773.2146100000 0.0623628426 -275376 -12.39866
317 31700.00 48773.2146100000 0.0623628426 -273772 -14.12811
318 31800.00 48773.2146100000 0.0623628426 -272169 -15.72422
319 31900.00 48773.2146100000 0.0623628426 -270565 -17.15689
320 32000.00 48773.2146100000 0.0623628426 -268962 -18.39376
321 32100.00 48773.2146100000 0.0623628426 -267358 -19.40125
322 32200.00 48773.2146100000 0.0623628426 -265755 -20.14633
323 32300.00 48773.2146100000 0.0623628426 -264151 -20.59884
324 32400.00 48773.2146100000 0.0623628426 -262548 -20.73424
325 32500.00 48773.2146100000 0.0623628426 -260944 -20.53643
326 32600.00 48773.2146100000 0.0623628426 -259341 -20.00004
327 32700.00 48773.2146100000 0.0623628426 -257737 -19.13168
328 32800.00 48773.2146100000 0.0623628426 -256134 -17.94963
329 32900.00 48773.2146100000 0.0623628426 -254530 -16.48219
330 33000.00 48773.2146100000 0.0623628426 -252926 -14.76485
331 33100.00 48773.2146100000 0.0623628426 -251323 -12.83714
332 33200.00 48773.2146100000 0.0623628426 -249719 -10.73959
333 33300.00 48773.2146100000 0.0623628426 -248116 -8.51128
334 33400.00 48773.2146100000 0.0623628426 -246512 -6.18821
335 33500.00 48773.2146100000 0.0623628426 -244909 -3.80237
336 33600.00 48773.2146100000 0.0623628426 -243305 -1.38137
337 33700.00 48773.2146100000 0.0623628426 -241702 1.05141
338 33800.00 48773.2146100000 0.0623628426 -240098 3.47657
339 33900.00 48773.2146100000 0.0623628426 -238495 5.87822
340 34000.00 48773.2146100000 0.0623628426 -236891 8.24349
341 34100.00 48773.2146100000 0.0623628426 -235288 10.56208
342 34200.00 48773.2146100000 0.0623628426 -233684 12.82582
343 34300.00 48773.2146100000 0.0623628426 -232081 15.02829
344 34400.00 48773.2146100000 0.0623628426 -230477 17.16451
345 34500.00 48773.2146100000 0.0623628426 -228874 19.23067
346 34600.00 48773.2146100000 0.0623628426 -227270 21.22391
347 34700.00 48773.2146100000 0.0623628426 -225667 23.14214
348 34800.00 48773.2146100000 0.0623628426 -224063 24.98385
349 34900.00 48773.2146100000 0.0623628426 -222460 26.74806
350 35000.00 48773.2146100000 0.0623628426 -220856 28.43416
351 35100.00 48773.2146100000 0.0623628426 -219253 30.04185
352 35200.00 48773.2146100000 0.0623628426 -217649 31.57108
353 35300.00 48773.2146100000 0.0623628426 -216046 33.02200
354 35400.00 48773.2146100000 0.0623628426 -214442 34.39490
355 35500.00 48773.2146100000 0.0623628426 -212839 35.69018
356 35600.00 48773.2146100000 0.0623628426 -211235 36.90835
357 35700.00 48773.2146100000 0.0623628426 -209631 38.04998
358 35800.00 48773.2146100000 0.0623628426 -208028 39.11566
359 35900.00 48773.2146100000 0.0623628426 -206424 40.10606
360 36000.00 48773.2146100000 0.0623628426 -204821 41.02181
361 36100.00 48773.2146100000 0.0623628426 -203217 41.86362
362 36200.00 48773.2146100000 0.0623628426 -201614 42.63214
363 36300.00 48773.2146100000 0.0623628426 -200010 43.32805
364 36400.00 48773.2146100000 0.0623628426 -198407 43.95203
365 36500.00 48773.2146100000 0.0623628426 -196803 44.50473
366 36600.00 48773.2146100000 0.0623628426 -195200 44.98678
367 36700.00 48773.2146100000 0.0623628426 -193596 45.39882
368 36800.00 48773.2146100000 0.0623628426 -191993 45.74145
369 36900.00 48773.2146100000 0.0623628426 -190389 46.01525
370 37000.00 48773.2146100000 0.0623628426 -188786 46.22080
371 37100.00 48773.2146100000 0.0623628426 -187182 46.35863
372 37200.00 48773.2146100000 0.0623628426 -185579 46.42928
373 37300.00 48773.2146100000 0.0623628426 -183975 46.43324
374 37400.00 48773.2146100000 0.0623628426 -182372 46.37101
375 37500.00 48773.2146100000 0.0623628426 -180768 46.24304
376 37600.00 48773.2146100000 0.0623628426 -179165 46.04979
377 37700.00 48773.2146100000 0.0623628426 -177561 45.79167
378 37800.00 48773.2146100000 0.0623628426 -175958 45.46911
379 37900.00 48773.2146100000 0.0623628426 -174354 45.08250
380 38000.00 48773.2146100000 0.0623628426 -172751 44.63221
381 38100.00 48773.2146100000 0.0623628426 -171147 44.11863
382 38200.00 48773.2146100000 0.0623628426 -169544 43.54211
383 38300.00 48773.2146100000 0.0623628426 -167940 42.90300
384 38400.00 48773.2146100000 0.0623628426 -166336 42.20165
385 38500.00 48773.2146100000 0.0623628426 -164733 41.43841
386 38600.00 48773.2146100000 0.0623628426 -163129 40.61361
387 38700.00 48773.2146100000 0.0623628426 -161526 39.72762
388 38800.00 48773.2146100000 0.0623628426 -159922 38.78079
389 38900.00 48773.2146100000 0.0623628426 -158319 37.77349
390 39000.00 48773.2146100000 0.0623628426 -156715 36.70611
391 39100.00 48773.2146100000 0.0623628426 -155112 35.57907
392 39200.00 48773.2146100000 0.0623628426 -153508 34.39281
393 39300.00 48773.2146100000 0.0623628426 -151905 33.14784
394 39400.00 48773.2146100000 0.0623628426 -150301 31.84468
395 39500.00 48773.2146100000 0.0623628426 -148698 30.48393
396 39600.00 48773.2146100000 0.0623628426 -147094 29.06628
397 39700.00 48773.2146100000 0.0623628426 -145491 27.59249
398 39800.00 48773.2146100000 0.0623628426 -143887 26.06343
399 39900.00 48773.2146100000 0.0623628426 -142284 24.48012
400 40000.00 48773.2146100000 0.0623628426 -140680 22.84369
401 40100.00 48773.2146100000 0.0623628426 -139077 21.15551
402 40200.00 48773.2146100000 0.0623628426 -137473 19.41711
403 40300.00 48773.2146100000 0.0623628426 -135870 17.63033
404 40400.00 48773.2146100000 0.0623628426 -134266 15.79728
405 40500.00 48773.2146100000 0.0623628426 -132663 13.92044
406 40600.00 48773.2146100000 0.0623628426 -131059 12.00274
407 40700.00 48773.2146100000 0.0623628426 -129456 10.04761
408 40800.00 48773.2146100000 0.0623628426 -127852 8.05909
409 40900.00 48773.2146100000 0.0623628426 -126248 6.04193
410 41000.00 48773.2146100000 0.0623628426 -124645 4.00177
411 41100.00 48773.2146100000 0.0623628426 -123041 1.94522
412 41200.00 48773.2146100000 0.0623628426 -121438 -0.11986
413 41300.00 48773.2146100000 0.0623628426 -119834 -2.18422
414 41400.00 48773.2146100000 0.0623628426 -118231 -4.23696
415 41500.00 48773.2146100000 0.0623628426 -116627 -6.26520
416 41600.00 48773.2146100000 0.0623628426 -115024 -8.25387
417 41700.00 48773.2146100000 0.0623628426 -113420 -10.18535
418 41800.00 48773.2146100000 0.0623628426 -111817 -12.03921
419 41900.00 48773.2146100000 0.0623628426 -110213 -13.79197
420 42000.00 48773.2146100000 0.0623628426 -108610 -15.41707
421 42100.00 48773.2146100000 0.0623628426 -107006 -16.88496
422 42200.00 48773.2146100000 0.0623628426 -105403 -18.16365
423 42300.00 48773.2146100000 0.0623628426 -103799 -19.21971
424 42400.00 48773.2146100000 0.0623628426 -102196 -20.01982
425 42500.00 48773.2146100000 0.0623628426 -100592 -20.53303
426 42600.00 48773.2146100000 0.0623628426 -98989 -20.73345
427 42700.00 48773.2146100000 0.0623628426 -97385 -20.60307
428 42800.00 48773.2146100000 0.0623628426 -95782 -20.13426
429 42900.00 48773.2146100000 0.0623628426 -94178 -19.33119
430 43000.00 48773.2146100000 0.0623628426 -92575 -18.20990
431 43100.00 48773.2146100000 0.0623628426 -90971 -16.79688
432 43200.00 48773.2146100000 0.0623628426 -89368 -15.12644
433 43300.00 48773.2146100000 0.0623628426 -87764 -13.23756
434 43400.00 48773.2146100000 0.0623628426 -86161 -11.17078
435 43500.00 48773.2146100000 0.0623628426 -84557 -8.96562
436 43600.00 48773.2146100000 0.0623628426 -82953 -6.65881
437 43700.00 48773.2146100000 0.0623628426 -81350 -4.28317
438 43800.00 48773.2146100000 0.0623628426 -79746 -1.86720
439 43900.00 48773.2146100000 0.0623628426 -78143 0.56489
440 44000.00 48773.2146100000 0.0623628426 -76539 2.99295
441 44100.00 48773.2146100000 0.0623628426 -74936 5.40043
442 44200.00 48773.2146100000 0.0623628426 -73332 7.77388
443 44300.00 48773.2146100000 0.0623628426 -71729 10.10252
444 44400.00 48773.2146100000 0.0623628426 -70125 12.37779
445 44500.00 48773.2146100000 0.0623628426 -68522 14.59295
446 44600.00 48773.2146100000 0.0623628426 -66918 16.74276
447 44700.00 48773.2146100000 0.0623628426 -65315 18.82319
448 44800.00 48773.2146100000 0.0623628426 -63711 20.83121
449 44900.00 48773.2146100000 0.0623628426 -62108 22.76457
450 45000.00 48773.2146100000 0.0623628426 -60504 24.62169
451 45100.00 48773.2146100000 0.0623628426 -58901 26.40146
452 45200.00 48773.2146100000 0.0623628426 -57297 28.10321
453 45300.00 48773.2146100000 0.0623628426 -55694 29.72659
454 45400.00 48773.2146100000 0.0623628426 -54090 31.27151
455 45500.00 48773.2146100000 0.0623628426 -52487 32.73807
456 45600.00 48773.2146100000 0.0623628426 -50883 34.12654
457 45700.00 48773.2146100000 0.0623628426 -49280 35.43731
458 45800.00 48773.2146100000 0.0623628426 -47676 36.67086
459 45900.00 48773.2146100000 0.0623628426 -46073 37.82775
460 46000.00 48773.2146100000 0.0623628426 -44469 38.90857
461 46100.00 48773.2146100000 0.0623628426 -42866 39.91397
462 46200.00 48773.2146100000 0.0623628426 -41262 40.84460
463 46300.00 48773.2146100000 0.0623628426 -39658 41.70114
464 46400.00 48773.2146100000 0.0623628426 -38055 42.48426
465 46500.00 48773.2146100000 0.0623628426 -36451 43.19465
466 46600.00 48773.2146100000 0.0623628426 -34848 43.83296
467 46700.00 48773.2146100000 0.0623628426 -33244 44.39986
468 46800.00 48773.2146100000 0.0623628426 -31641 44.89599
469 46900.00 48773.2146100000 0.0623628426 -30037 45.32199
470 47000.00 48773.2146100000 0.0623628426 -28434 45.67845
471 47100.00 48773.2146100000 0.0623628426 -26830 45.96597
472 47200.00 48773.2146100000 0.0623628426 -25227 46.18512
473 47300.00 48773.2146100000 0.0623628426 -23623 46.33646
474 47400.00 48773.2146100000 0.0623628426 -22020 46.42050
475 47500.00 48773.2146100000 0.0623628426 -20416 46.43776
476 47600.00 48773.2146100000 0.0623628426 -18813 46.38873
477 47700.00 48773.2146100000 0.0623628426 -17209 46.27387
478 47800.00 48773.2146100000 0.0623628426 -15606 46.09364
479 47900.00 48773.2146100000 0.0623628426 -14002 45.84846
480 48000.00 48773.2146100000 0.0623628426 -12399 45.53876
481 48100.00 48773.2146100000 0.0623628426 -10795 45.16492
482 48200.00 48773.2146100000 0.0623628426 -9192 44.72734
483 48300.00 48773.2146100000 0.0623628426 -7588 44.22639
484 48400.00 48773.2146100000 0.0623628426 -5985 43.66243
485 48500.00 48773.2146100000 0.0623628426 -4381 43.03581
486 48600.00 48773.2146100000 0.0623628426 -2778 42.34688
487 48700.00 48773.2146100000 0.0623628426 -1174 41.59599
488 48800.00 48773.2146100000 0.0623628426 430 40.78348
489 48900.00 48773.2146100000 0.0623628426 2033 39.90970
490 49000.00 48773.2146100000 0.0623628426 3637 38.97501
491 49100.00 48773.2146100000 0.0623628426 5240 37.97977
492 49200.00 48773.2146100000 0.0623628426 6844 36.92437
493 49300.00 48773.2146100000 0.0623628426 8447 35.80923
494 49400.00 48773.2146100000 0.0623628426 10051 34.63478
495 49500.00 48773.2146100000 0.0623628426 11654 33.40151
496 49600.00 48773.2146100000 0.0623628426 13258 32.10993
497 49700.00 48773.2146100000 0.0623628426 14861 30.76066
498 49800.00 48773.2146100000 0.0623628426 16465 29.35433
499 49900.00 48773.2146100000 0.0623628426 18068 27.89170
500 50000.00 48773.2146100000 0.0623628426 19672 26.37362
501 50100.00 48773.2146100000 0.0623628426 21275 24.80107
502 50200.00 48773.2146100000 0.0623628426 22879 23.17516
503 50300.00 48773.2146100000 0.0623628426 24482 21.49721
504 50400.00 48773.2146100000 0.0623628426 26086 19.76872
505 50500.00 48773.2146100000 0.0623628426 27689 17.99146
506 50600.00 48773.2146100000 0.0623628426 29293 16.16747
507 50700.00 48773.2146100000 0.0623628426 30896 14.29918
508 50800.00 48773.2146100000 0.0623628426 32500 12.38940
509 50900.00 48773.2146100000 0.0623628426 34103 10.44145
510 51000.00 48773.2146100000 0.0623628426 35707 8.45925
511 51100.00 48773.2146100000 0.0623628426 37310 6.44740
512 51200.00 48773.2146100000 0.0623628426 38914 4.41134
513 51300.00 48773.2146100000 0.0623628426 40517 2.35748
514 51400.00 48773.2146100000 0.0623628426 42121 0.29342
515 51500.00 48773.2146100000 0.0623628426 43725 -1.77191
516 51600.00 48773.2146100000 0.0623628426 45328 -3.82793
517 51700.00 48773.2146100000 0.0623628426 46932 -5.86220
518 51800.00 48773.2146100000 0.0623628426 48535 -7.86011
519 51900.00 48773.2146100000 0.0623628426 50139 -9.80457
520 52000.00 48773.2146100000 0.0623628426 51742 -11.67573
521 52100.00 48773.2146100000 0.0623628426 53346 -13.45074
522 52200.00 48773.2146100000 0.0623628426 54949 -15.10364
523 52300.00 48773.2146100000 0.0623628426 56553 -16.60547
524 52400.00 48773.2146100000 0.0623628426 58156 -17.92465
525 52500.00 48773.2146100000 0.0623628426 59760 -19.02793
526 52600.00 48773.2146100000 0.0623628426 61363 -19.88181
527 52700.00 48773.2146100000 0.0623628426 62967 -20.45468
528 52800.00 48773.2146100000 0.0623628426 64570 -20.71939
529 52900.00 48773.2146100000 0.0623628426 66174 -20.65614
530 53000.00 48773.2146100000 0.0623628426 67777 -20.25508
531 53100.00 48773.2146100000 0.0623628426 69381 -19.51794
532 53200.00 48773.2146100000 0.0623628426 70984 -18.45848
533 53300.00 48773.2146100000 0.0623628426 72588 -17.10127
534 53400.00 48773.2146100000 0.0623628426 74191 -15.47930
535 53500.00 48773.2146100000 0.0623628426 75795 -13.63087
536 53600.00 48773.2146100000 0.0623628426 77398 -11.59644
537 53700.00 48773.2146100000 0.0623628426 79002 -9.41591
538 53800.00 48773.2146100000 0.0623628426 80605 -7.12667
539 53900.00 48773.2146100000 0.0623628426 82209 -4.76237
540 54000.00 48773.2146100000 0.0623628426 83812 -2.35240
541 54100.00 48773.2146100000 0.0623628426 85416 0.07821
542 54200.00 48773.2146100000 0.0623628426 87020 2.50851
543 54300.00 48773.2146100000 0.0623628426 88623 4.92127
544 54400.00 48773.2146100000 0.0623628426 90227 7.30246
545 54500.00 48773.2146100000 0.0623628426 91830 9.64082
546 54600.00 48773.2146100000 0.0623628426 93434 11.92735
547 54700.00 48773.2146100000 0.0623628426 95037 14.15500
548 54800.00 48773.2146100000 0.0623628426 96641 16.31824
549 54900.00 48773.2146100000 0.0623628426 98244 18.41281
550 55000.00 48773.2146100000 0.0623628426 99848 20.43552
551 55100.00 48773.2146100000 0.0623628426 101451 22.38396
552 55200.00 48773.2146100000 0.0623628426 103055 24.25642
553 55300.00 48773.2146100000 0.0623628426 104658 26.05173
554 55400.00 48773.2146100000 0.0623628426 106262 27.76912
555 55500.00 48773.2146100000 0.0623628426 107865 29.40819
556 55600.00 48773.2146100000 0.0623628426 109469 30.96880
557 55700.00 48773.2146100000 0.0623628426 111072 32.45101
558 55800.00 48773.2146100000 0.0623628426 112676 33.85507
559 55900.00 48773.2146100000 0.0623628426 114279 35.18135
560 56000.00 48773.2146100000 0.0623628426 115883 36.43030
561 56100.00 48773.2146100000 0.0623628426 117486 37.60248
562 56200.00 48773.2146100000 0.0623628426 119090 38.69846
563 56300.00 48773.2146100000 0.0623628426 120693 39.71889
564 56400.00 48773.2146100000 0.0623628426 122297 40.66442
565 56500.00 48773.2146100000 0.0623628426 123900 41.53573
566 56600.00 48773.2146100000 0.0623628426 125504 42.33348
567 56700.00 48773.2146100000 0.0623628426 127108 43.05836
568 56800.00 48773.2146100000 0.0623628426 128711 43.71103
569 56900.00 48773.2146100000 0.0623628426 130315 44.29216
570 57000.00 48773.2146100000 0.0623628426 131918 44.80240
571 57100.00 48773.2146100000 0.0623628426 133522 45.24237
572 57200.00 48773.2146100000 0.0623628426 135125 45.61269
573 57300.00 48773.2146100000 0.0623628426 136729 45.91395
574 57400.00 48773.2146100000 0.0623628426 138332 46.14674
575 57500.00 48773.2146100000 0.0623628426 139936 46.31159
576 57600.00 48773.2146100000 0.0623628426 141539 46.40905
577 57700.00 48773.2146100000 0.0623628426 143143 46.43963
578 57800.00 48773.2146100000 0.0623628426 144746 46.40382
579 57900.00 48773.2146100000 0.0623628426 146350 46.30209
580 58000.00 48773.2146100000 0.0623628426 147953 46.13489
581 58100.00 48773.2146100000 0.0623628426 149557 45.90267
582 58200.00 48773.2146100000 0.0623628426 151160 45.60584
583 58300.00 48773.2146100000 0.0623628426 152764 45.24480
584 58400.00 48773.2146100000 0.0623628426 154367 44.81994
585 58500.00 48773.2146100000 0.0623628426 155971 44.33163
586 58600.00 48773.2146100000 0.0623628426 157574 43.78024
587 58700.00 48773.2146100000 0.0623628426 159178 43.16613
588 58800.00 48773.2146100000 0.0623628426 160781 42.48964
589 58900.00 48773.2146100000 0.0623628426 162385 41.75111
590 59000.00 48773.2146100000 0.0623628426 163988 40.95089
591 59100.00 48773.2146100000 0.0623628426 165592 40.08934
592 59200.00 48773.2146100000 0.0623628426 167195 39.16680
593 59300.00 48773.2146100000 0.0623628426 168799 38.18364
594 59400.00 48773.2146100000 0.0623628426 170403 37.14024
595 59500.00 48773.2146100000 0.0623628426 172006 36.03702
596 59600.00 48773.2146100000 0.0623628426 173610 34.87439
597 59700.00 48773.2146100000 0.0623628426 175213 33.65284
598 59800.00 48773.2146100000 0.0623628426 176817 32.37289
599 59900.00 48773.2146100000 0.0623628426 178420 31.03510
600 60000.00 48773.2146100000 0.0623628426 180024 29.64012
601 60100.00 48773.2146100000 0.0623628426 181627 28.18869
602 60200.00 48773.2146100000 0.0623628426 183231 26.68163
603 60300.00 48773.2146100000 0.0623628426 184834 25.11988
604 60400.00 48773.2146100000 0.0623628426 186438 23.50455
605 60500.00 48773.2146100000 0.0623628426 188041 21.83690
606 60600.00 48773.2146100000 0.0623628426 189645 20.11838
607 60700.00 48773.2146100000 0.0623628426 191248 18.35072
608 60800.00 48773.2146100000 0.0623628426 192852 16.53590
609 60900.00 48773.2146100000 0.0623628426 194455 14.67625
610 61000.00 48773.2146100000 0.0623628426 196059 12.77452
611 61100.00 48773.2146100000 0.0623628426 197662 10.83391
612 61200.00 48773.2146100000 0.0623628426 199266 8.85822
613 61300.00 48773.2146100000 0.0623628426 200869 6.85189
614 61400.00 48773.2146100000 0.0623628426 202473 4.82019
615 61500.00 48773.2146100000 0.0623628426 204076 2.76933
616 61600.00 48773.2146100000 0.0623628426 205680 0.70664
617 61700.00 48773.2146100000 0.0623628426 207283 -1.35922
618 61800.00 48773.2146100000 0.0623628426 208887 -3.41804
619 61900.00 48773.2146100000 0.0623628426 210490 -5.45775
620 62000.00 48773.2146100000 0.0623628426 212094 -7.46422
621 62100.00 48773.2146100000 0.0623628426 213698 -9.42087
622 62200.00 48773.2146100000 0.0623628426 215301 -11.30841
623 62300.00 48773.2146100000 0.0623628426 216905 -13.10463
624 62400.00 48773.2146100000 0.0623628426 218508 -14.78418
625 62500.00 48773.2146100000 0.0623628426 220112 -16.31867
626 62600.00 48773.2146100000 0.0623628426 221715 -17.67700
627 62700.00 48773.2146100000 0.0623628426 223319 -18.82616
628 62800.00 48773.2146100000 0.0623628426 224922 -19.73255
629 62900.00 48773.2146100000 0.0623628426 226526 -20.36398
630 63000.00 48773.2146100000 0.0623628426 228129 -20.69218
631 63100.00 48773.2146100000 0.0623628426 229733 -20.69566
632 63200.00 48773.2146100000 0.0623628426 231336 -20.36241
633 63300.00 48773.2146100000 0.0623628426 232940 -19.69176
634 63400.00 48773.2146100000 0.0623628426 234543 -18.69512
635 63500.00 48773.2146100000 0.0623628426 236147 -17.39504
636 63600.00 48773.2146100000 0.0623628426 237750 -15.82308
637 63700.00 48773.2146100000 0.0623628426 239354 -14.01673
638 63800.00 48773.2146100000 0.0623628426 240957 -12.01626
639 63900.00 48773.2146100000 0.0623628426 242561 -9.86186
640 64000.00 48773.2146100000 0.0623628426 244164 -7.59154
641 64100.00 48773.2146100000 0.0623628426 245768 -5.23976
642 64200.00 48773.2146100000 0.0623628426 247371 -2.83678
643 64300.00 48773.2146100000 0.0623628426 248975 -0.40851
644 64400.00 48773.2146100000 0.0623628426 250578 2.02335
645 64500.00 48773.2146100000 0.0623628426 252182 4.44083
646 64600.00 48773.2146100000 0.0623628426 253786 6.82932
647 64700.00 48773.2146100000 0.0623628426 255389 9.17703
648 64800.00 48773.2146100000 0.0623628426 256993 11.47456
649 64900.00 48773.2146100000 0.0623628426 258596 13.71447
650 65000.00 48773.2146100000 0.0623628426 260200 15.89096
651 65100.00 48773.2146100000 0.0623628426 261803 17.99956
652 65200.00 48773.2146100000 0.0623628426 263407 20.03685
653 65300.00 48773.2146100000 0.0623628426 265010 22.00030
654 65400.00 48773.2146100000 0.0623628426 266614 23.88807
655 65500.00 48773.2146100000 0.0623628426 268217 25.69888
656 65600.00 48773.2146100000 0.0623628426 269821 27.43190
657 65700.00 48773.2146100000 0.0623628426 271424 29.08665
658 65800.00 48773.2146100000 0.0623628426 273028 30.66295
659 65900.00 48773.2146100000 0.0623628426 274631 32.16083
660 66000.00 48773.2146100000 0.0623628426 276235 33.58050
661 66100.00 48773.2146100000 0.0623628426 277838 34.92230
662 66200.00 48773.2146100000 0.0623628426 279442 36.18667
663 66300.00 48773.2146100000 0.0623628426 281045 37.37416
664 66400.00 48773.2146100000 0.0623628426 282649 38.48533
665 66500.00 48773.2146100000 0.0623628426 284252 39.52082
666 66600.00 48773.2146100000 0.0623628426 285856 40.48128
667 66700.00 48773.2146100000 0.0623628426 287459 41.36737
668 66800.00 48773.2146100000 0.0623628426 289063 42.17978
669 66900.00 48773.2146100000 0.0623628426 290666 42.91918
670 67000.00 48773.2146100000 0.0623628426 292270 43.58624
671 67100.00 48773.2146100000 0.0623628426 293873 44.18163
672 67200.00 48773.2146100000 0.0623628426 295477 44.70599
673 67300.00 48773.2146100000 0.0623628426 297081 45.15997
674 67400.00 48773.2146100000 0.0623628426 298684 45.54417
675 67500.00 48773.2146100000 0.0623628426 300288 45.85920
676 67600.00 48773.2146100000 0.0623628426 301891 46.10563
677 67700.00 48773.2146100000 0.0623628426 303495 46.28403
678 67800.00 48773.2146100000 0.0623628426 305098 46.39492
679 67900.00 48773.2146100000 0.0623628426 306702 46.43884
680 68000.00 48773.2146100000 0.0623628426 308305 46.41627
681 68100.00 48773.2146100000 0.0623628426 309909 46.32768
682 68200.00 48773.2146100000 0.0623628426 311512 46.17355
683 68300.00 48773.2146100000 0.0623628426 313116 45.95430
684 68400.00 48773.2146100000 0.0623628426 314719 45.67036
685 68500.00 48773.2146100000 0.0623628426 316323 45.32213
686 68600.00 48773.2146100000 0.0623628426 317926 44.91000
687 68700.00 48773.2146100000 0.0623628426 319530 44.43435
688 68800.00 48773.2146100000 0.0623628426 321133 43.89555
689 68900.00 48773.2146100000 0.0623628426 322737 43.29395
690 69000.00 48773.2146100000 0.0623628426 324340 42.62991
691 69100.00 48773.2146100000 0.0623628426 325944 41.90376
692 69200.00 48773.2146100000 0.0623628426 327547 41.11586
693 69300.00 48773.2146100000 0.0623628426 329151 40.26654
694 69400.00 48773.2146100000 0.0623628426 330754 39.35617
695 69500.00 48773.2146100000 0.0623628426 332358 38.38510
696 69600.00 48773.2146100000 0.0623628426 333961 37.35372
697 69700.00 48773.2146100000 0.0623628426 335565 36.26243
698 69800.00 48773.2146100000 0.0623628426 337168 35.11165
699 69900.00 48773.2146100000 0.0623628426 338772 33.90184
